<?xml version="1.0" encoding="UTF-8"?>
<!-- Generated by org.testng.reporters.JUnitReportReporter -->
<testsuite hostname="LAPTOP-HE3IJ9BH" failures="0" tests="1" name="TestDrive.SignupTest" time="27.578" errors="0" timestamp="2023-02-14T17:49:13 IST" skipped="0">
  <testcase classname="TestDrive.SignupTest" name="MultipleSignup" time="27.578"/>
  <system-out/>
</testsuite> <!-- TestDrive.SignupTest -->
