<?xml version="1.0" encoding="UTF-8"?>
<!-- Generated by org.testng.reporters.JUnitReportReporter -->
<testsuite hostname="LAPTOP-HE3IJ9BH" failures="0" tests="1" name="TestDrive.LoginTest" time="23.187" errors="0" timestamp="2023-02-12T14:59:41 IST" skipped="0">
  <testcase classname="TestDrive.LoginTest" name="Login" time="23.187"/>
  <system-out/>
</testsuite> <!-- TestDrive.LoginTest -->
