<?xml version="1.0" encoding="UTF-8"?>
<!-- Generated by org.testng.reporters.JUnitReportReporter -->
<testsuite hostname="LAPTOP-HE3IJ9BH" failures="0" tests="1" name="TestDrive.SearchItemTest" time="61.976" errors="0" timestamp="2023-02-14T17:50:49 IST" skipped="0">
  <testcase classname="TestDrive.SearchItemTest" name="SelectItem" time="61.976"/>
  <system-out/>
</testsuite> <!-- TestDrive.SearchItemTest -->
